The system is: Windows - 10.0.17134 - AMD64
Compiling the C compiler identification source file "CMakeCCompilerId.c" succeeded.
Compiler: C:/Program Files (x86)/Microsoft Visual Studio/2019/Community/VC/Tools/MSVC/14.23.28105/bin/HostX64/x64/cl.exe 
Build flags: 
Id flags:  

The output was:
0
Microsoft (R) C/C++ Optimizing Compiler Version 19.23.28107 for x64
Copyright (C) Microsoft Corporation.  All rights reserved.

CMakeCCompilerId.c
Microsoft (R) Incremental Linker Version 14.23.28107.0
Copyright (C) Microsoft Corporation.  All rights reserved.

/out:CMakeCCompilerId.exe 
CMakeCCompilerId.obj 


Compilation of the C compiler identification source "CMakeCCompilerId.c" produced "CMakeCCompilerId.exe"

Compilation of the C compiler identification source "CMakeCCompilerId.c" produced "CMakeCCompilerId.obj"

The C compiler identification is MSVC, found in "C:/Users/cwild/Documents/GitHub/gemmi_tools/gemmi_tools/out/build/x64-Debug/CMakeFiles/3.15.19080502-MSVC_2/CompilerIdC/CMakeCCompilerId.exe"

Compiling the CXX compiler identification source file "CMakeCXXCompilerId.cpp" succeeded.
Compiler: C:/Program Files (x86)/Microsoft Visual Studio/2019/Community/VC/Tools/MSVC/14.23.28105/bin/HostX64/x64/cl.exe 
Build flags: 
Id flags:  

The output was:
0
Microsoft (R) C/C++ Optimizing Compiler Version 19.23.28107 for x64
Copyright (C) Microsoft Corporation.  All rights reserved.

CMakeCXXCompilerId.cpp
Microsoft (R) Incremental Linker Version 14.23.28107.0
Copyright (C) Microsoft Corporation.  All rights reserved.

/out:CMakeCXXCompilerId.exe 
CMakeCXXCompilerId.obj 


Compilation of the CXX compiler identification source "CMakeCXXCompilerId.cpp" produced "CMakeCXXCompilerId.exe"

Compilation of the CXX compiler identification source "CMakeCXXCompilerId.cpp" produced "CMakeCXXCompilerId.obj"

The CXX compiler identification is MSVC, found in "C:/Users/cwild/Documents/GitHub/gemmi_tools/gemmi_tools/out/build/x64-Debug/CMakeFiles/3.15.19080502-MSVC_2/CompilerIdCXX/CMakeCXXCompilerId.exe"

Determining if the C compiler works passed with the following output:
Change Dir: C:/Users/cwild/Documents/GitHub/gemmi_tools/gemmi_tools/out/build/x64-Debug/CMakeFiles/CMakeTmp

Run Build Command(s):C:/Program Files (x86)/Microsoft Visual Studio/2019/Community/Common7/IDE/CommonExtensions/Microsoft/CMake/Ninja/ninja.exe cmTC_e9a01 && [1/2] Building C object CMakeFiles\cmTC_e9a01.dir\testCCompiler.c.obj
[2/2] Linking C executable cmTC_e9a01.exe



Detecting C compiler ABI info compiled with the following output:
Change Dir: C:/Users/cwild/Documents/GitHub/gemmi_tools/gemmi_tools/out/build/x64-Debug/CMakeFiles/CMakeTmp

Run Build Command(s):C:/Program Files (x86)/Microsoft Visual Studio/2019/Community/Common7/IDE/CommonExtensions/Microsoft/CMake/Ninja/ninja.exe cmTC_307a0 && [1/2] Building C object CMakeFiles\cmTC_307a0.dir\CMakeCCompilerABI.c.obj
[2/2] Linking C executable cmTC_307a0.exe



Determining if the CXX compiler works passed with the following output:
Change Dir: C:/Users/cwild/Documents/GitHub/gemmi_tools/gemmi_tools/out/build/x64-Debug/CMakeFiles/CMakeTmp

Run Build Command(s):C:/Program Files (x86)/Microsoft Visual Studio/2019/Community/Common7/IDE/CommonExtensions/Microsoft/CMake/Ninja/ninja.exe cmTC_c64f6 && [1/2] Building CXX object CMakeFiles\cmTC_c64f6.dir\testCXXCompiler.cxx.obj
[2/2] Linking CXX executable cmTC_c64f6.exe



Detecting CXX compiler ABI info compiled with the following output:
Change Dir: C:/Users/cwild/Documents/GitHub/gemmi_tools/gemmi_tools/out/build/x64-Debug/CMakeFiles/CMakeTmp

Run Build Command(s):C:/Program Files (x86)/Microsoft Visual Studio/2019/Community/Common7/IDE/CommonExtensions/Microsoft/CMake/Ninja/ninja.exe cmTC_69910 && [1/2] Building CXX object CMakeFiles\cmTC_69910.dir\CMakeCXXCompilerABI.cpp.obj
[2/2] Linking CXX executable cmTC_69910.exe



Performing C++ SOURCE FILE Test HAS_MSVC_GL_LTCG succeeded with the following output:
Change Dir: C:/Users/cwild/Documents/GitHub/gemmi_tools/gemmi_tools/out/build/x64-Debug/CMakeFiles/CMakeTmp

Run Build Command(s):C:/Program Files (x86)/Microsoft Visual Studio/2019/Community/Common7/IDE/CommonExtensions/Microsoft/CMake/Ninja/ninja.exe cmTC_c9624 && [1/2] Building CXX object CMakeFiles\cmTC_c9624.dir\src.cxx.obj
[2/2] Linking CXX executable cmTC_c9624.exe
LINK : warning LNK4075: ignoring '/INCREMENTAL' due to '/LTCG' specification
Generating code
Finished generating code
LINK : warning LNK4075: ignoring '/INCREMENTAL' due to '/LTCG' specification
Generating code
Finished generating code


Source file was:
int main() { return 0; }
